<?xml version="1.0" encoding="UTF-8"?>
<!-- Generated by org.testng.reporters.JUnitReportReporter -->
<testsuite hostname="A-ABDELSATAR" failures="0" tests="4" name="testCases.AdminPageTest" time="65.797" errors="0" timestamp="2024-03-11T15:47:53 EET" skipped="0">
  <testcase classname="testCases.AdminPageTest" name="get_NoOfRecords" time="13.187"/>
  <system-out/>
  <testcase classname="testCases.AdminPageTest" name="addUserToSystem" time="22.047"/>
  <system-out/>
  <testcase classname="testCases.AdminPageTest" name="searchAbboutAddedUser" time="13.805"/>
  <system-out/>
  <testcase classname="testCases.AdminPageTest" name="deleteAddedUser" time="16.758"/>
  <system-out/>
</testsuite> <!-- testCases.AdminPageTest -->
